1534304014042	geckodriver	INFO	geckodriver 0.21.0
1534304014056	geckodriver	INFO	Listening on 127.0.0.1:51045
1534304015063	mozrunner::runner	INFO	Running command: "/Applications/Firefox.app/Contents/MacOS/firefox-bin" "-marionette" "-foreground" "-no-remote" "-profile" "/var/folders/tw/35lc3c_96yj5167768gwl6rr0000gn/T/rust_mozprofile.MD2YSnL3x6t1"
2018-08-15 11:33:37.235 plugin-container[1997:45873] *** CFMessagePort: bootstrap_register(): failed 1100 (0x44c) 'Permission denied', port = 0x9a27, name = 'com.apple.tsm.portname'
See /usr/include/servers/bootstrap_defs.h for the error codes.
2018-08-15 11:33:37.560 plugin-container[1998:45911] *** CFMessagePort: bootstrap_register(): failed 1100 (0x44c) 'Permission denied', port = 0x9937, name = 'com.apple.tsm.portname'
See /usr/include/servers/bootstrap_defs.h for the error codes.
1534304018025	Marionette	INFO	Listening on port 51056
1534304018076	Marionette	WARN	TLS certificate errors will be ignored for this session
2018-08-15 11:33:38.477 plugin-container[1999:46024] *** CFMessagePort: bootstrap_register(): failed 1100 (0x44c) 'Permission denied', port = 0x9637, name = 'com.apple.tsm.portname'
See /usr/include/servers/bootstrap_defs.h for the error codes.
2018-08-15 13:33:12.341 firefox-bin[1995:116250] kCFURLVolumeIsAutomountedKey missing for file:///private/var/folders/zz/zyxvpxvq6csfxvn_n0000000000000/T/FPInstallMountPoint/: Error Domain=NSCocoaErrorDomain Code=257 "未能打开文件“FPInstallMountPoint”，因为您没有查看它的权限。" UserInfo={NSURL=file:///private/var/folders/zz/zyxvpxvq6csfxvn_n0000000000000/T/FPInstallMountPoint/, NSFilePath=/private/var/folders/zz/zyxvpxvq6csfxvn_n0000000000000/T/FPInstallMountPoint, NSUnderlyingError=0x117fedf10 {Error Domain=NSPOSIXErrorDomain Code=13 "Permission denied"}}
1534320605197	geckodriver	INFO	geckodriver 0.21.0
1534320605207	geckodriver	INFO	Listening on 127.0.0.1:58982
1534320606218	mozrunner::runner	INFO	Running command: "/Applications/Firefox.app/Contents/MacOS/firefox-bin" "-marionette" "-foreground" "-no-remote" "-profile" "/var/folders/tw/35lc3c_96yj5167768gwl6rr0000gn/T/rust_mozprofile.IDvIr1HTuAmP"
2018-08-15 16:10:08.319 plugin-container[14979:194385] *** CFMessagePort: bootstrap_register(): failed 1100 (0x44c) 'Permission denied', port = 0x993b, name = 'com.apple.tsm.portname'
See /usr/include/servers/bootstrap_defs.h for the error codes.
2018-08-15 16:10:08.636 plugin-container[14980:194418] *** CFMessagePort: bootstrap_register(): failed 1100 (0x44c) 'Permission denied', port = 0x9937, name = 'com.apple.tsm.portname'
See /usr/include/servers/bootstrap_defs.h for the error codes.
1534320608930	Marionette	INFO	Listening on port 58993
1534320609021	Marionette	WARN	TLS certificate errors will be ignored for this session
2018-08-15 16:10:09.576 plugin-container[14981:194521] *** CFMessagePort: bootstrap_register(): failed 1100 (0x44c) 'Permission denied', port = 0x9637, name = 'com.apple.tsm.portname'
See /usr/include/servers/bootstrap_defs.h for the error codes.
1534326142509	geckodriver	INFO	geckodriver 0.21.0
1534326142521	geckodriver	INFO	Listening on 127.0.0.1:60599
1534326143533	mozrunner::runner	INFO	Running command: "/Applications/Firefox.app/Contents/MacOS/firefox-bin" "-marionette" "-foreground" "-no-remote" "-profile" "/var/folders/tw/35lc3c_96yj5167768gwl6rr0000gn/T/rust_mozprofile.DknCl32DGtmt"
2018-08-15 17:42:25.178 plugin-container[16563:235660] *** CFMessagePort: bootstrap_register(): failed 1100 (0x44c) 'Permission denied', port = 0x9c33, name = 'com.apple.tsm.portname'
See /usr/include/servers/bootstrap_defs.h for the error codes.
2018-08-15 17:42:25.402 plugin-container[16564:235688] *** CFMessagePort: bootstrap_register(): failed 1100 (0x44c) 'Permission denied', port = 0x9937, name = 'com.apple.tsm.portname'
See /usr/include/servers/bootstrap_defs.h for the error codes.
1534326145609	Marionette	INFO	Listening on port 60610
1534326145693	Marionette	WARN	TLS certificate errors will be ignored for this session
*** UTM:SVC TimerManager:registerTimer called after profile-before-change notification. Ignoring timer registration for id: telemetry_modules_ping
